<?xml version="1.0" encoding="UTF-8"?>
<!-- Generated by org.testng.reporters.JUnitXMLReporter -->
<testsuite ignored="0" hostname="syeds-MacBook-Pro.local" failures="0" tests="4" name="Chrome" time="87.892" errors="0" timestamp="2022-04-19T16:48:54 IST">
  <testcase classname="com.myA1store.testcases.LoginPageTest" name="verifyLogin" time="15.848"/>
  <testcase classname="com.myA1store.testcases.LoginPageTest" name="verifyLogin" time="9.834"/>
  <testcase classname="com.myA1store.testcases.LoginPageTest" name="verifyLogin" time="4.484"/>
  <testcase classname="com.myA1store.testcases.LoginPageTest" name="verifyLogin" time="5.807"/>
</testsuite> <!-- Chrome -->
